<?xml version="1.0" encoding="UTF-8"?>
<!-- Generated by org.testng.reporters.JUnitXMLReporter -->
<testsuite hostname="MDs-MBP-3.home" ignored="0" name="Hanes Test Cases" tests="5" failures="0" timestamp="15 May 2018 17:35:48 GMT" time="35.518" errors="0">
  <testcase name="handleFrame" time="0.014" classname="com.hanes.qa.testclasses.HomePageTest"/>
  <testcase name="verifyTitleTest" time="0.888" classname="com.hanes.qa.testclasses.HomePageTest"/>
  <testcase name="verifyLogoTest" time="0.809" classname="com.hanes.qa.testclasses.HomePageTest"/>
  <testcase name="menPageTest" time="1.183" classname="com.hanes.qa.testclasses.HomePageTest"/>
  <testcase name="womenPageTest" time="1.458" classname="com.hanes.qa.testclasses.HomePageTest"/>
</testsuite> <!-- Hanes Test Cases -->
