<?xml version="1.0" encoding="UTF-8"?>
<!-- Generated by org.testng.reporters.JUnitXMLReporter -->
<testsuite hostname="MDs-MBP-3.home" ignored="0" name="Default test" tests="4" failures="0" timestamp="06 May 2018 03:56:43 GMT" time="33.64" errors="0">
  <testcase name="verifyTitleTest" time="2.214" classname="com.hanes.qa.testclasses.HomePageTest"/>
  <testcase name="verifyLogoTest" time="0.876" classname="com.hanes.qa.testclasses.HomePageTest"/>
  <testcase name="menPageTest" time="1.196" classname="com.hanes.qa.testclasses.HomePageTest"/>
  <testcase name="womenPageTest" time="1.397" classname="com.hanes.qa.testclasses.HomePageTest"/>
</testsuite> <!-- Default test -->
